E, [2017-04-13T00:36:30.951709 #22924] ERROR -- Kitchen: ------Exception-------
E, [2017-04-13T00:36:30.951785 #22924] ERROR -- Kitchen: Class: Kitchen::UserError
E, [2017-04-13T00:36:30.951802 #22924] ERROR -- Kitchen: Message: Kitchen YAML file /root/chef-repo/.kitchen.yml does not exist.
E, [2017-04-13T00:36:30.951813 #22924] ERROR -- Kitchen: ----------------------
E, [2017-04-13T00:36:30.951843 #22924] ERROR -- Kitchen: ------Backtrace-------
E, [2017-04-13T00:36:30.951870 #22924] ERROR -- Kitchen: /opt/chefdk/embedded/lib/ruby/gems/2.3.0/gems/test-kitchen-1.16.0/lib/kitchen/loader/yaml.rb:71:in `read'
E, [2017-04-13T00:36:30.951900 #22924] ERROR -- Kitchen: /opt/chefdk/embedded/lib/ruby/gems/2.3.0/gems/test-kitchen-1.16.0/lib/kitchen/config.rb:152:in `data'
E, [2017-04-13T00:36:30.951995 #22924] ERROR -- Kitchen: /opt/chefdk/embedded/lib/ruby/gems/2.3.0/gems/test-kitchen-1.16.0/lib/kitchen/config.rb:131:in `suites'
E, [2017-04-13T00:36:30.952046 #22924] ERROR -- Kitchen: /opt/chefdk/embedded/lib/ruby/gems/2.3.0/gems/test-kitchen-1.16.0/lib/kitchen/config.rb:182:in `filter_instances'
E, [2017-04-13T00:36:30.952056 #22924] ERROR -- Kitchen: /opt/chefdk/embedded/lib/ruby/gems/2.3.0/gems/test-kitchen-1.16.0/lib/kitchen/config.rb:141:in `build_instances'
E, [2017-04-13T00:36:30.952082 #22924] ERROR -- Kitchen: /opt/chefdk/embedded/lib/ruby/gems/2.3.0/gems/test-kitchen-1.16.0/lib/kitchen/config.rb:117:in `instances'
E, [2017-04-13T00:36:30.952104 #22924] ERROR -- Kitchen: /opt/chefdk/embedded/lib/ruby/gems/2.3.0/gems/test-kitchen-1.16.0/lib/kitchen/command.rb:112:in `filtered_instances'
E, [2017-04-13T00:36:30.952118 #22924] ERROR -- Kitchen: /opt/chefdk/embedded/lib/ruby/gems/2.3.0/gems/test-kitchen-1.16.0/lib/kitchen/command.rb:142:in `parse_subcommand'
E, [2017-04-13T00:36:30.952127 #22924] ERROR -- Kitchen: /opt/chefdk/embedded/lib/ruby/gems/2.3.0/gems/test-kitchen-1.16.0/lib/kitchen/command/list.rb:30:in `call'
E, [2017-04-13T00:36:30.952135 #22924] ERROR -- Kitchen: /opt/chefdk/embedded/lib/ruby/gems/2.3.0/gems/test-kitchen-1.16.0/lib/kitchen/cli.rb:53:in `perform'
E, [2017-04-13T00:36:30.952144 #22924] ERROR -- Kitchen: /opt/chefdk/embedded/lib/ruby/gems/2.3.0/gems/test-kitchen-1.16.0/lib/kitchen/cli.rb:121:in `list'
E, [2017-04-13T00:36:30.952152 #22924] ERROR -- Kitchen: /opt/chefdk/embedded/lib/ruby/gems/2.3.0/gems/thor-0.19.1/lib/thor/command.rb:27:in `run'
E, [2017-04-13T00:36:30.952161 #22924] ERROR -- Kitchen: /opt/chefdk/embedded/lib/ruby/gems/2.3.0/gems/thor-0.19.1/lib/thor/invocation.rb:126:in `invoke_command'
E, [2017-04-13T00:36:30.952170 #22924] ERROR -- Kitchen: /opt/chefdk/embedded/lib/ruby/gems/2.3.0/gems/test-kitchen-1.16.0/lib/kitchen/cli.rb:334:in `invoke_task'
E, [2017-04-13T00:36:30.952200 #22924] ERROR -- Kitchen: /opt/chefdk/embedded/lib/ruby/gems/2.3.0/gems/thor-0.19.1/lib/thor.rb:359:in `dispatch'
E, [2017-04-13T00:36:30.952209 #22924] ERROR -- Kitchen: /opt/chefdk/embedded/lib/ruby/gems/2.3.0/gems/thor-0.19.1/lib/thor/base.rb:440:in `start'
E, [2017-04-13T00:36:30.952218 #22924] ERROR -- Kitchen: /opt/chefdk/embedded/lib/ruby/gems/2.3.0/gems/test-kitchen-1.16.0/bin/kitchen:13:in `block in <top (required)>'
E, [2017-04-13T00:36:30.952227 #22924] ERROR -- Kitchen: /opt/chefdk/embedded/lib/ruby/gems/2.3.0/gems/test-kitchen-1.16.0/lib/kitchen/errors.rb:171:in `with_friendly_errors'
E, [2017-04-13T00:36:30.952253 #22924] ERROR -- Kitchen: /opt/chefdk/embedded/lib/ruby/gems/2.3.0/gems/test-kitchen-1.16.0/bin/kitchen:13:in `<top (required)>'
E, [2017-04-13T00:36:30.952261 #22924] ERROR -- Kitchen: /usr/bin/kitchen:21:in `load'
E, [2017-04-13T00:36:30.952270 #22924] ERROR -- Kitchen: /usr/bin/kitchen:21:in `<main>'
E, [2017-04-13T00:36:30.952278 #22924] ERROR -- Kitchen: ----End Backtrace-----
